19:11:04.186 [Worker-10] INFO  o.a.AndroidAnnotationProcessor:85 - Initialize AndroidAnnotations 3.0.1 with options {phase=BUILD}
19:11:04.271 [Worker-10] INFO  o.a.AndroidAnnotationProcessor:109 - Start processing for 18 annotations on 123 elements
19:11:04.599 [Worker-10] DEBUG o.a.h.AndroidManifestFinder:137 - AndroidManifest.xml file found in parent folder E:\workspaces\Sunday: E:\workspaces\Sunday\AndroidManifest.xml
19:11:04.607 [Worker-10] INFO  o.a.AndroidAnnotationProcessor:172 - AndroidManifest.xml found: AndroidManifest [applicationPackage=tk.woppo.sunday, componentQualifiedNames=[tk.woppo.sunday.ui.SplashActivity_, tk.woppo.sunday.ui.CityActivity_, tk.woppo.sunday.ui.MyCityActivity_, tk.woppo.sunday.ui.AboutActivity_, tk.woppo.sunday.ui.SettingActivity_, tk.woppo.sunday.ui.GuideActivity_, tk.woppo.sunday.ui.MainActivity_, tk.woppo.sunday.service.WeatherUpdateService_, tk.woppo.sunday.receiver.WeatherWidget, tk.woppo.sunday.receiver.BootBroadcastReceiver, tk.woppo.sunday.dao.DataProvider], permissionQualifiedNames=[android.permission.INTERNET, android.permission.WRITE_SETTINGS, android.permission.READ_EXTERNAL_STORAGE, android.permission.WRITE_EXTERNAL_STORAGE, android.permission.BROADCAST_STICKY, android.permission.ACCESS_WIFI_STATE, android.permission.ACCESS_NETWORK_STATE, android.permission.ACCESS_COARSE_LOCATION, android.permission.ACCESS_FINE_LOCATION, android.permission.RECEIVE_BOOT_COMPLETED, android.permission.READ_LOGS, android.permission.READ_PHONE_STATE], applicationClassName=tk.woppo.sunday.App_, libraryProject=false, debugabble=false, minSdkVersion=11, maxSdkVersion=-1, targetSdkVersion=19]
19:11:04.610 [Worker-10] INFO  o.a.r.ProjectRClassFinder:50 - Found project R class: tk.woppo.sunday.R
19:11:04.622 [Worker-10] INFO  o.a.r.AndroidRClassFinder:44 - Found Android class: android.R
19:11:04.665 [Worker-10] INFO  o.a.p.ModelValidator:42 - Validating elements
19:11:04.667 [Worker-10] DEBUG o.a.p.ModelValidator:62 - Validating with EApplicationHandler: [tk.woppo.sunday.App]
19:11:04.670 [Worker-10] DEBUG o.a.p.ModelValidator:62 - Validating with EActivityHandler: [tk.woppo.sunday.ui.SettingActivity, tk.woppo.sunday.ui.GuideActivity, tk.woppo.sunday.ui.CityActivity, tk.woppo.sunday.ui.MainActivity, tk.woppo.sunday.ui.SplashActivity, tk.woppo.sunday.ui.MyCityActivity, tk.woppo.sunday.ui.AboutActivity]
19:11:04.676 [Worker-10] DEBUG o.a.p.ModelValidator:62 - Validating with EServiceHandler: [tk.woppo.sunday.service.WeatherUpdateService]
19:11:04.677 [Worker-10] DEBUG o.a.p.ModelValidator:62 - Validating with EFragmentHandler: [tk.woppo.sunday.ui.fragment.DrawerFragment, tk.woppo.sunday.ui.fragment.HomeFragment]
19:11:04.681 [Worker-10] DEBUG o.a.p.ModelValidator:62 - Validating with EBeanHandler: [tk.woppo.sunday.ui.adapter.MyCityAdapter, tk.woppo.sunday.ui.adapter.SimpleWeatherAdapter, tk.woppo.sunday.ui.adapter.CityAdapter]
19:11:04.682 [Worker-10] DEBUG o.a.p.ModelValidator:62 - Validating with EViewGroupHandler: [tk.woppo.sunday.widget.TodayWeatherItem, tk.woppo.sunday.widget.SimpleWeatherItem, tk.woppo.sunday.widget.CityItem, tk.woppo.sunday.widget.MyCityItem]
19:11:04.684 [Worker-10] DEBUG o.a.p.ModelValidator:62 - Validating with ViewByIdHandler: [ivWeatherImg, mViewPager, mLvCity, mllSelectCity, tvCity, mExitSlipSwitch, mDrawerLayout, tvCity, tvChuanyi, tvCity, ivWeatherIcon, mListView, tvGanmao, mLLCityContent, ivWeather, tvXiche, tvWeather, mLvTown, tvArea1, mLvProvicne, tvTemp, mWeatherListView, tvWeek, ll, tvTemp, start, mViewPager, tvWeather, mNotifySlipSwitch, tvTigan, tvWind, tvWeather, tvWeather, tvArea2, tvZhiwaixian, tvYundong, tvTemp, tvCreateTiem, mSwipeRefreshLayout, tvArea3, ivWeather, tvTemp, mWeatherListView, tvCityName]
19:11:04.697 [Worker-10] DEBUG o.a.p.ModelValidator:62 - Validating with ClickHandler: [void sendWeather() , void clickClean() , void cityClick() , void clickAddCity() , void clickDelCity() , void clickUpdate() , void clickStart() , void clickSetting() , void clickAbout() , void deleteCityClick() , void clickExit() , void shareWeather() ]
19:11:04.702 [Worker-10] DEBUG o.a.p.ModelValidator:62 - Validating with ItemClickHandler: [void areaItemClick(tk.woppo.sunday.model.city.BaseCityModel) , void provicneItemClick(tk.woppo.sunday.model.city.BaseCityModel) , void cityItemClick(tk.woppo.sunday.model.city.BaseCityModel) ]
19:11:04.705 [Worker-10] DEBUG o.a.p.ModelValidator:62 - Validating with ResHandler: [fadeIn]
19:11:04.710 [Worker-10] DEBUG o.a.p.ModelValidator:62 - Validating with FullscreenHandler: [tk.woppo.sunday.ui.GuideActivity, tk.woppo.sunday.ui.SplashActivity]
19:11:04.711 [Worker-10] DEBUG o.a.p.ModelValidator:62 - Validating with RootContextHanlder: [mContext, mContext, mContext]
19:11:04.715 [Worker-10] DEBUG o.a.p.ModelValidator:62 - Validating with BeanHandler: [mCityAdapter, mAdapterTown, simpleWeatherAdapter, mAdapterProvicne, mAdapterCity]
19:11:04.717 [Worker-10] DEBUG o.a.p.ModelValidator:62 - Validating with OnActivityResultHandler: [void onResult(int) ]
19:11:04.719 [Worker-10] DEBUG o.a.p.ModelValidator:62 - Validating with AfterInjectHandler: [void init() ]
19:11:04.721 [Worker-10] DEBUG o.a.p.ModelValidator:62 - Validating with AfterViewsHandler: [void initActivity() , void initFragment() , void initActivity() , void initActivity() , void initActivity() , void initActivity() , void initFragment() , void initActivity() , void initActivity() ]
19:11:04.722 [Worker-10] DEBUG o.a.p.ModelValidator:62 - Validating with UiThreadHandler: [void updateWeatherList() , void updateTime() , void updateWeather() , void updateList(int, List<tk.woppo.sunday.model.city.BaseCityModel>) , void cleanCacheOver() ]
19:11:04.724 [Worker-10] DEBUG o.a.p.ModelValidator:62 - Validating with BackgroundHandler: [void getProvicneList() , void getDataFromDB() , void cleanCache() , void getAreaList(java.lang.String) , void inserData() , void getCityList(java.lang.String) ]
19:11:04.737 [Worker-10] INFO  o.a.p.ModelProcessor:73 - Processing root elements
19:11:04.738 [Worker-10] DEBUG o.a.p.ModelProcessor:80 - Processing root elements EApplicationHandler: [tk.woppo.sunday.App]
19:11:04.768 [Worker-10] DEBUG o.a.p.ModelProcessor:80 - Processing root elements EActivityHandler: [tk.woppo.sunday.ui.SettingActivity, tk.woppo.sunday.ui.GuideActivity, tk.woppo.sunday.ui.CityActivity, tk.woppo.sunday.ui.MainActivity, tk.woppo.sunday.ui.SplashActivity, tk.woppo.sunday.ui.MyCityActivity, tk.woppo.sunday.ui.AboutActivity]
19:11:04.799 [Worker-10] DEBUG o.a.p.ModelProcessor:80 - Processing root elements EServiceHandler: [tk.woppo.sunday.service.WeatherUpdateService]
19:11:04.801 [Worker-10] DEBUG o.a.p.ModelProcessor:80 - Processing root elements EFragmentHandler: [tk.woppo.sunday.ui.fragment.DrawerFragment, tk.woppo.sunday.ui.fragment.HomeFragment]
19:11:04.807 [Worker-10] DEBUG o.a.p.ModelProcessor:80 - Processing root elements EBeanHandler: [tk.woppo.sunday.ui.adapter.MyCityAdapter, tk.woppo.sunday.ui.adapter.SimpleWeatherAdapter, tk.woppo.sunday.ui.adapter.CityAdapter]
19:11:04.810 [Worker-10] DEBUG o.a.p.ModelProcessor:80 - Processing root elements EViewGroupHandler: [tk.woppo.sunday.widget.TodayWeatherItem, tk.woppo.sunday.widget.SimpleWeatherItem, tk.woppo.sunday.widget.CityItem, tk.woppo.sunday.widget.MyCityItem]
19:11:04.831 [Worker-10] INFO  o.a.p.ModelProcessor:104 - Processing enclosed elements
19:11:04.832 [Worker-10] DEBUG o.a.p.ModelProcessor:116 - Processing enclosed elements with ViewByIdHandler: [org.androidannotations.model.AnnotationElements$AnnotatedAndRootElements@31a3f763, org.androidannotations.model.AnnotationElements$AnnotatedAndRootElements@36e64f25, org.androidannotations.model.AnnotationElements$AnnotatedAndRootElements@2ff8603b, org.androidannotations.model.AnnotationElements$AnnotatedAndRootElements@55f3f8f7, org.androidannotations.model.AnnotationElements$AnnotatedAndRootElements@10671623, org.androidannotations.model.AnnotationElements$AnnotatedAndRootElements@363a0e3f, org.androidannotations.model.AnnotationElements$AnnotatedAndRootElements@56bcc979, org.androidannotations.model.AnnotationElements$AnnotatedAndRootElements@c4b0442, org.androidannotations.model.AnnotationElements$AnnotatedAndRootElements@9fa6933, org.androidannotations.model.AnnotationElements$AnnotatedAndRootElements@494f4e05, org.androidannotations.model.AnnotationElements$AnnotatedAndRootElements@3db2363f, org.androidannotations.model.AnnotationElements$AnnotatedAndRootElements@4c62e12c, org.androidannotations.model.AnnotationElements$AnnotatedAndRootElements@4f26d829, org.androidannotations.model.AnnotationElements$AnnotatedAndRootElements@3d3982f6, org.androidannotations.model.AnnotationElements$AnnotatedAndRootElements@16cc43de, org.androidannotations.model.AnnotationElements$AnnotatedAndRootElements@69096f1c, org.androidannotations.model.AnnotationElements$AnnotatedAndRootElements@161f3207, org.androidannotations.model.AnnotationElements$AnnotatedAndRootElements@1fd89700, org.androidannotations.model.AnnotationElements$AnnotatedAndRootElements@42fb0160, org.androidannotations.model.AnnotationElements$AnnotatedAndRootElements@519e4303, org.androidannotations.model.AnnotationElements$AnnotatedAndRootElements@259bc504, org.androidannotations.model.AnnotationElements$AnnotatedAndRootElements@2fe1cdfe, org.androidannotations.model.AnnotationElements$AnnotatedAndRootElements@4fbee3e1, org.androidannotations.model.AnnotationElements$AnnotatedAndRootElements@45765597, org.androidannotations.model.AnnotationElements$AnnotatedAndRootElements@324d2668, org.androidannotations.model.AnnotationElements$AnnotatedAndRootElements@6aa13f88, org.androidannotations.model.AnnotationElements$AnnotatedAndRootElements@7c6423c8, org.androidannotations.model.AnnotationElements$AnnotatedAndRootElements@15ba2956, org.androidannotations.model.AnnotationElements$AnnotatedAndRootElements@4e25a848, org.androidannotations.model.AnnotationElements$AnnotatedAndRootElements@6b5f5d72, org.androidannotations.model.AnnotationElements$AnnotatedAndRootElements@5c087ee, org.androidannotations.model.AnnotationElements$AnnotatedAndRootElements@4f12427d, org.androidannotations.model.AnnotationElements$AnnotatedAndRootElements@6bb5c5c5, org.androidannotations.model.AnnotationElements$AnnotatedAndRootElements@24d1f660, org.androidannotations.model.AnnotationElements$AnnotatedAndRootElements@2b8bbe38, org.androidannotations.model.AnnotationElements$AnnotatedAndRootElements@28cc338, org.androidannotations.model.AnnotationElements$AnnotatedAndRootElements@71363700, org.androidannotations.model.AnnotationElements$AnnotatedAndRootElements@2828601f, org.androidannotations.model.AnnotationElements$AnnotatedAndRootElements@411956ee, org.androidannotations.model.AnnotationElements$AnnotatedAndRootElements@504be430, org.androidannotations.model.AnnotationElements$AnnotatedAndRootElements@67c0223b, org.androidannotations.model.AnnotationElements$AnnotatedAndRootElements@1bfb07c7, org.androidannotations.model.AnnotationElements$AnnotatedAndRootElements@176128dd, org.androidannotations.model.AnnotationElements$AnnotatedAndRootElements@11c8e1b4]
19:11:04.837 [Worker-10] DEBUG o.a.p.ModelProcessor:116 - Processing enclosed elements with ClickHandler: [org.androidannotations.model.AnnotationElements$AnnotatedAndRootElements@718afa9a, org.androidannotations.model.AnnotationElements$AnnotatedAndRootElements@cd29c30, org.androidannotations.model.AnnotationElements$AnnotatedAndRootElements@678f248b, org.androidannotations.model.AnnotationElements$AnnotatedAndRootElements@2bd4f491, org.androidannotations.model.AnnotationElements$AnnotatedAndRootElements@3679abfc, org.androidannotations.model.AnnotationElements$AnnotatedAndRootElements@6905cea3, org.androidannotations.model.AnnotationElements$AnnotatedAndRootElements@163d8d4b, org.androidannotations.model.AnnotationElements$AnnotatedAndRootElements@4473b675, org.androidannotations.model.AnnotationElements$AnnotatedAndRootElements@32a9a0b1, org.androidannotations.model.AnnotationElements$AnnotatedAndRootElements@3f694c91, org.androidannotations.model.AnnotationElements$AnnotatedAndRootElements@54836778, org.androidannotations.model.AnnotationElements$AnnotatedAndRootElements@63a0985]
19:11:04.839 [Worker-10] DEBUG o.a.p.ModelProcessor:116 - Processing enclosed elements with ItemClickHandler: [org.androidannotations.model.AnnotationElements$AnnotatedAndRootElements@3740fdc0, org.androidannotations.model.AnnotationElements$AnnotatedAndRootElements@1dd6a754, org.androidannotations.model.AnnotationElements$AnnotatedAndRootElements@549dbcb0]
19:11:04.842 [Worker-10] DEBUG o.a.p.ModelProcessor:116 - Processing enclosed elements with ResHandler: [org.androidannotations.model.AnnotationElements$AnnotatedAndRootElements@1232bae6]
19:11:04.843 [Worker-10] DEBUG o.a.p.ModelProcessor:116 - Processing enclosed elements with FullscreenHandler: [org.androidannotations.model.AnnotationElements$AnnotatedAndRootElements@4b8efa58, org.androidannotations.model.AnnotationElements$AnnotatedAndRootElements@16f69cc8]
19:11:04.844 [Worker-10] DEBUG o.a.p.ModelProcessor:116 - Processing enclosed elements with RootContextHanlder: [org.androidannotations.model.AnnotationElements$AnnotatedAndRootElements@7ca9ccee, org.androidannotations.model.AnnotationElements$AnnotatedAndRootElements@2369ba11, org.androidannotations.model.AnnotationElements$AnnotatedAndRootElements@7ddd1b16]
19:11:04.846 [Worker-10] DEBUG o.a.p.ModelProcessor:116 - Processing enclosed elements with BeanHandler: [org.androidannotations.model.AnnotationElements$AnnotatedAndRootElements@2bc386a7, org.androidannotations.model.AnnotationElements$AnnotatedAndRootElements@4a977ec2, org.androidannotations.model.AnnotationElements$AnnotatedAndRootElements@7dd01de8, org.androidannotations.model.AnnotationElements$AnnotatedAndRootElements@25524329, org.androidannotations.model.AnnotationElements$AnnotatedAndRootElements@76f59bfe]
19:11:04.847 [Worker-10] DEBUG o.a.p.ModelProcessor:116 - Processing enclosed elements with OnActivityResultHandler: [org.androidannotations.model.AnnotationElements$AnnotatedAndRootElements@41c5eedf]
19:11:04.849 [Worker-10] DEBUG o.a.p.ModelProcessor:116 - Processing enclosed elements with AfterInjectHandler: [org.androidannotations.model.AnnotationElements$AnnotatedAndRootElements@7e1f8771]
19:11:04.851 [Worker-10] DEBUG o.a.p.ModelProcessor:116 - Processing enclosed elements with AfterViewsHandler: [org.androidannotations.model.AnnotationElements$AnnotatedAndRootElements@705831b9, org.androidannotations.model.AnnotationElements$AnnotatedAndRootElements@1a46fae2, org.androidannotations.model.AnnotationElements$AnnotatedAndRootElements@4c9dcba9, org.androidannotations.model.AnnotationElements$AnnotatedAndRootElements@71ab022d, org.androidannotations.model.AnnotationElements$AnnotatedAndRootElements@4722f875, org.androidannotations.model.AnnotationElements$AnnotatedAndRootElements@33c991d1, org.androidannotations.model.AnnotationElements$AnnotatedAndRootElements@6b86d81f, org.androidannotations.model.AnnotationElements$AnnotatedAndRootElements@47c8bca1, org.androidannotations.model.AnnotationElements$AnnotatedAndRootElements@26afc221]
19:11:04.852 [Worker-10] DEBUG o.a.p.ModelProcessor:116 - Processing enclosed elements with UiThreadHandler: [org.androidannotations.model.AnnotationElements$AnnotatedAndRootElements@3067f2b3, org.androidannotations.model.AnnotationElements$AnnotatedAndRootElements@34e805fc, org.androidannotations.model.AnnotationElements$AnnotatedAndRootElements@6fa7d0af, org.androidannotations.model.AnnotationElements$AnnotatedAndRootElements@3ba03598, org.androidannotations.model.AnnotationElements$AnnotatedAndRootElements@3a70099e]
19:11:04.857 [Worker-10] DEBUG o.a.p.ModelProcessor:116 - Processing enclosed elements with BackgroundHandler: [org.androidannotations.model.AnnotationElements$AnnotatedAndRootElements@14e5e487, org.androidannotations.model.AnnotationElements$AnnotatedAndRootElements@b408894, org.androidannotations.model.AnnotationElements$AnnotatedAndRootElements@2922dad6, org.androidannotations.model.AnnotationElements$AnnotatedAndRootElements@27b6c370, org.androidannotations.model.AnnotationElements$AnnotatedAndRootElements@521ce485, org.androidannotations.model.AnnotationElements$AnnotatedAndRootElements@418dbf37]
19:11:04.863 [Worker-10] INFO  o.a.AndroidAnnotationProcessor:251 - Number of files generated by AndroidAnnotations: 18
19:11:04.867 [Worker-10] INFO  o.a.g.ApiCodeGenerator:52 - Writting following API classes in project: []
19:11:04.879 [Worker-10] DEBUG o.a.g.SourceCodewriter:55 - Generating class: tk.woppo.sunday.App_
19:11:05.30 [Worker-10] DEBUG o.a.g.SourceCodewriter:55 - Generating class: tk.woppo.sunday.widget.CityItem_
19:11:05.68 [Worker-10] DEBUG o.a.g.SourceCodewriter:55 - Generating class: tk.woppo.sunday.widget.MyCityItem_
19:11:05.81 [Worker-10] DEBUG o.a.g.SourceCodewriter:55 - Generating class: tk.woppo.sunday.widget.SimpleWeatherItem_
19:11:05.113 [Worker-10] DEBUG o.a.g.SourceCodewriter:55 - Generating class: tk.woppo.sunday.widget.TodayWeatherItem_
19:11:05.134 [Worker-10] DEBUG o.a.g.SourceCodewriter:55 - Generating class: tk.woppo.sunday.ui.AboutActivity_
19:11:05.148 [Worker-10] DEBUG o.a.g.SourceCodewriter:55 - Generating class: tk.woppo.sunday.ui.CityActivity_
19:11:05.184 [Worker-10] DEBUG o.a.g.SourceCodewriter:55 - Generating class: tk.woppo.sunday.ui.GuideActivity_
19:11:05.218 [Worker-10] DEBUG o.a.g.SourceCodewriter:55 - Generating class: tk.woppo.sunday.ui.MainActivity_
19:11:05.247 [Worker-10] DEBUG o.a.g.SourceCodewriter:55 - Generating class: tk.woppo.sunday.ui.MyCityActivity_
19:11:05.260 [Worker-10] DEBUG o.a.g.SourceCodewriter:55 - Generating class: tk.woppo.sunday.ui.SettingActivity_
19:11:05.289 [Worker-10] DEBUG o.a.g.SourceCodewriter:55 - Generating class: tk.woppo.sunday.ui.SplashActivity_
19:11:05.305 [Worker-10] DEBUG o.a.g.SourceCodewriter:55 - Generating class: tk.woppo.sunday.ui.adapter.CityAdapter_
19:11:05.316 [Worker-10] DEBUG o.a.g.SourceCodewriter:55 - Generating class: tk.woppo.sunday.ui.adapter.MyCityAdapter_
19:11:05.333 [Worker-10] DEBUG o.a.g.SourceCodewriter:55 - Generating class: tk.woppo.sunday.ui.adapter.SimpleWeatherAdapter_
19:11:05.352 [Worker-10] DEBUG o.a.g.SourceCodewriter:55 - Generating class: tk.woppo.sunday.service.WeatherUpdateService_
19:11:05.389 [Worker-10] DEBUG o.a.g.SourceCodewriter:55 - Generating class: tk.woppo.sunday.ui.fragment.DrawerFragment_
19:11:05.408 [Worker-10] DEBUG o.a.g.SourceCodewriter:55 - Generating class: tk.woppo.sunday.ui.fragment.HomeFragment_
19:11:05.426 [Worker-10] INFO  o.a.p.TimeStats:81 - Time measurements: [Whole Processing = 1156 ms], [Generate Sources = 563 ms], [Extract Annotations = 325 ms], [Process Annotations = 137 ms], [Validate Annotations = 62 ms], [Find R Classes = 29 ms], [Extract Manifest = 10 ms], 
19:11:05.427 [Worker-10] INFO  o.a.AndroidAnnotationProcessor:123 - Finish processing
19:11:07.301 [Worker-2] INFO  o.a.AndroidAnnotationProcessor:85 - Initialize AndroidAnnotations 3.0.1 with options {phase=BUILD}
19:24:32.562 [Worker-15] INFO  o.a.AndroidAnnotationProcessor:85 - Initialize AndroidAnnotations 3.0.1 with options {phase=BUILD}
19:25:24.206 [Worker-7] INFO  o.a.AndroidAnnotationProcessor:85 - Initialize AndroidAnnotations 3.0.1 with options {phase=BUILD}
11:10:04.256 [Worker-5] INFO  o.a.AndroidAnnotationProcessor:85 - Initialize AndroidAnnotations 3.0.1 with options {phase=BUILD}
15:33:22.521 [Worker-8] INFO  o.a.AndroidAnnotationProcessor:85 - Initialize AndroidAnnotations 3.0.1 with options {phase=BUILD}
14:48:53.704 [Worker-16] INFO  o.a.AndroidAnnotationProcessor:85 - Initialize AndroidAnnotations 3.0.1 with options {phase=BUILD}
17:15:19.303 [Worker-18] INFO  o.a.AndroidAnnotationProcessor:85 - Initialize AndroidAnnotations 3.0.1 with options {phase=BUILD}
00:44:50.456 [Worker-2] INFO  o.a.AndroidAnnotationProcessor:85 - Initialize AndroidAnnotations 3.0.1 with options {phase=BUILD}
12:16:45.141 [Worker-0] INFO  o.a.AndroidAnnotationProcessor:85 - Initialize AndroidAnnotations 3.0.1 with options {phase=BUILD}
23:05:33.986 [Worker-10] INFO  o.a.AndroidAnnotationProcessor:85 - Initialize AndroidAnnotations 3.0.1 with options {phase=BUILD}
16:18:44.729 [Worker-2] INFO  o.a.AndroidAnnotationProcessor:85 - Initialize AndroidAnnotations 3.0.1 with options {phase=BUILD}
11:26:28.788 [Worker-5] INFO  o.a.AndroidAnnotationProcessor:85 - Initialize AndroidAnnotations 3.0.1 with options {phase=BUILD}
19:19:08.928 [Worker-16] INFO  o.a.AndroidAnnotationProcessor:85 - Initialize AndroidAnnotations 3.0.1 with options {phase=BUILD}
14:00:33.809 [Worker-17] INFO  o.a.AndroidAnnotationProcessor:85 - Initialize AndroidAnnotations 3.0.1 with options {phase=BUILD}
14:27:41.921 [Worker-3] INFO  o.a.AndroidAnnotationProcessor:85 - Initialize AndroidAnnotations 3.0.1 with options {phase=BUILD}
00:32:25.857 [Worker-21] INFO  o.a.AndroidAnnotationProcessor:85 - Initialize AndroidAnnotations 3.0.1 with options {phase=BUILD}
16:09:11.731 [Worker-9] INFO  o.a.AndroidAnnotationProcessor:85 - Initialize AndroidAnnotations 3.0.1 with options {phase=BUILD}
13:40:55.758 [Worker-18] INFO  o.a.AndroidAnnotationProcessor:85 - Initialize AndroidAnnotations 3.0.1 with options {phase=BUILD}
12:05:55.356 [Worker-19] INFO  o.a.AndroidAnnotationProcessor:85 - Initialize AndroidAnnotations 3.0.1 with options {phase=BUILD}
12:12:14.161 [Worker-13] INFO  o.a.AndroidAnnotationProcessor:85 - Initialize AndroidAnnotations 3.0.1 with options {phase=BUILD}
16:51:52.702 [Worker-20] INFO  o.a.AndroidAnnotationProcessor:85 - Initialize AndroidAnnotations 3.0.1 with options {phase=BUILD}
13:18:17.41 [Worker-9] INFO  o.a.AndroidAnnotationProcessor:85 - Initialize AndroidAnnotations 3.0.1 with options {phase=BUILD}
