19:19:52.53 [Worker-24] INFO  o.a.AndroidAnnotationProcessor:84 - Initialize AndroidAnnotations 3.2 with options {phase=BUILD}
19:19:52.152 [Worker-24] INFO  o.a.AndroidAnnotationProcessor:108 - Start processing for 7 annotations on 197 elements
19:19:52.234 [Worker-24] DEBUG o.a.h.AndroidManifestFinder:137 - AndroidManifest.xml file found in parent folder E:\workspaces\abase: E:\workspaces\abase\AndroidManifest.xml
19:19:52.235 [Worker-24] DEBUG o.a.h.AndroidManifestFinder:74 - Found android.library=true property in project.properties
19:19:52.240 [Worker-24] INFO  o.a.AndroidAnnotationProcessor:171 - AndroidManifest.xml found: AndroidManifest [applicationPackage=com.jayqqaa12.abase, componentQualifiedNames=[], permissionQualifiedNames=[], applicationClassName=, libraryProject=true, debugabble=false, minSdkVersion=8, maxSdkVersion=-1, targetSdkVersion=17]
19:19:52.244 [Worker-24] INFO  o.a.r.ProjectRClassFinder:50 - Found project R class: com.jayqqaa12.abase.R
19:19:52.268 [Worker-24] INFO  o.a.r.AndroidRClassFinder:44 - Found Android class: android.R
19:19:52.357 [Worker-24] INFO  o.a.p.ModelValidator:42 - Validating elements
19:19:52.393 [Worker-24] DEBUG o.a.p.ModelValidator:62 - Validating with EActivityHandler: [com.jayqqaa12.abase.core.fragment.AFragmentActivity, com.jayqqaa12.abase.core.activity.AActivity]
19:19:52.400 [Worker-24] DEBUG o.a.p.ModelValidator:62 - Validating with EFragmentHandler: [com.jayqqaa12.abase.core.fragment.AFragment]
19:19:52.403 [Worker-24] DEBUG o.a.p.ModelValidator:62 - Validating with EBeanHandler: [com.jayqqaa12.abase.core.Abus, com.jayqqaa12.abase.core.AHttp, com.jayqqaa12.abase.core.ABitmap, com.jayqqaa12.abase.core.ADao]
19:19:52.406 [Worker-24] DEBUG o.a.p.ModelValidator:62 - Validating with EViewGroupHandler: [com.jayqqaa12.abase.core.BindView, com.jayqqaa12.abase.core.ItemView]
19:19:52.409 [Worker-24] DEBUG o.a.p.ModelValidator:62 - Validating with BeanHandler: [bus, bus, bus, bus]
19:19:52.413 [Worker-24] DEBUG o.a.p.ModelValidator:62 - Validating with AfterInjectHandler: [protected void afterInject() , protected void afterInject() , protected void afterInject() ]
19:19:52.414 [Worker-24] DEBUG o.a.p.ModelValidator:62 - Validating with AfterViewsHandler: [protected void afterView() , protected void afterView() , protected void afterView() ]
19:19:52.428 [Worker-24] INFO  o.a.p.ModelProcessor:69 - Processing root elements
19:19:52.430 [Worker-24] DEBUG o.a.p.ModelProcessor:160 - Processing root elements EActivityHandler: [com.jayqqaa12.abase.core.fragment.AFragmentActivity, com.jayqqaa12.abase.core.activity.AActivity]
19:19:52.481 [Worker-24] DEBUG o.a.p.ModelProcessor:160 - Processing root elements EFragmentHandler: [com.jayqqaa12.abase.core.fragment.AFragment]
19:19:52.487 [Worker-24] DEBUG o.a.p.ModelProcessor:160 - Processing root elements EBeanHandler: [com.jayqqaa12.abase.core.Abus, com.jayqqaa12.abase.core.AHttp, com.jayqqaa12.abase.core.ABitmap, com.jayqqaa12.abase.core.ADao]
19:19:52.493 [Worker-24] DEBUG o.a.p.ModelProcessor:160 - Processing root elements EViewGroupHandler: [com.jayqqaa12.abase.core.BindView, com.jayqqaa12.abase.core.ItemView]
19:19:52.524 [Worker-24] INFO  o.a.p.ModelProcessor:77 - Processing enclosed elements
19:19:52.527 [Worker-24] INFO  o.a.AndroidAnnotationProcessor:250 - Number of files generated by AndroidAnnotations: 9
19:19:52.531 [Worker-24] INFO  o.a.g.ApiCodeGenerator:52 - Writting following API classes in project: []
19:19:52.535 [Worker-24] DEBUG o.a.g.SourceCodewriter:55 - Generating class: com.jayqqaa12.abase.core.fragment.AFragmentActivity_
19:19:52.563 [Worker-24] DEBUG o.a.g.SourceCodewriter:55 - Generating class: com.jayqqaa12.abase.core.fragment.AFragment_
19:19:52.569 [Worker-24] DEBUG o.a.g.SourceCodewriter:55 - Generating class: com.jayqqaa12.abase.core.activity.AActivity_
19:19:52.575 [Worker-24] DEBUG o.a.g.SourceCodewriter:55 - Generating class: com.jayqqaa12.abase.core.ABitmap_
19:19:52.578 [Worker-24] DEBUG o.a.g.SourceCodewriter:55 - Generating class: com.jayqqaa12.abase.core.ADao_
19:19:52.581 [Worker-24] DEBUG o.a.g.SourceCodewriter:55 - Generating class: com.jayqqaa12.abase.core.AHttp_
19:19:52.587 [Worker-24] DEBUG o.a.g.SourceCodewriter:55 - Generating class: com.jayqqaa12.abase.core.Abus_
19:19:52.592 [Worker-24] DEBUG o.a.g.SourceCodewriter:55 - Generating class: com.jayqqaa12.abase.core.BindView_
19:19:52.597 [Worker-24] DEBUG o.a.g.SourceCodewriter:55 - Generating class: com.jayqqaa12.abase.core.ItemView_
19:19:52.601 [Worker-24] INFO  o.a.p.TimeStats:81 - Time measurements: [Whole Processing = 449 ms], [Process Annotations = 112 ms], [Find R Classes = 97 ms], [Extract Annotations = 79 ms], [Generate Sources = 74 ms], [Validate Annotations = 60 ms], [Extract Manifest = 8 ms], 
19:19:52.602 [Worker-24] INFO  o.a.AndroidAnnotationProcessor:122 - Finish processing
19:19:56.298 [Worker-11] INFO  o.a.AndroidAnnotationProcessor:84 - Initialize AndroidAnnotations 3.2 with options {phase=BUILD}
